Using pre-set license
Built from '2020.3/staging' branch; Version is '2020.3.5f1 (8095aa901b9b) revision 8426922'; Using compiler version '192528614'; Build Type 'Release'
OS: 'Windows 10 Pro; OS build 19045.2130; Version 2009; 64bit' Language: 'tr' Physical Memory: 7995 MB
BatchMode: 1, IsHumanControllingUs: 0, StartBugReporterOnCrash: 0, Is64bit: 1, IsPro: 0

 COMMAND LINE ARGUMENTS:
C:\Program Files\Unity\Hub\Editor\2020.3.5f1\Editor\Unity.exe
-adb2
-batchMode
-noUpm
-name
AssetImportWorker0
-projectPath
C:/Users/90539/Desktop/project/JSONOKUMAVEYAZMATURK
-logFile
Logs/AssetImportWorker0.log
-srvPort
58445
Successfully changed project path to: C:/Users/90539/Desktop/project/JSONOKUMAVEYAZMATURK
C:/Users/90539/Desktop/project/JSONOKUMAVEYAZMATURK
Using Asset Import Pipeline V2.
Refreshing native plugins compatible for Editor in 32.46 ms, found 0 plugins.
Preloading 0 native plugins for Editor in 0.00 ms.
Initialize engine version: 2020.3.5f1 (8095aa901b9b)
[Subsystems] Discovering subsystems at path C:/Program Files/Unity/Hub/Editor/2020.3.5f1/Editor/Data/Resources/UnitySubsystems
[Subsystems] Discovering subsystems at path C:/Users/90539/Desktop/project/JSONOKUMAVEYAZMATURK/Assets
GfxDevice: creating device client; threaded=0
Direct3D:
    Version:  Direct3D 11.0 [level 11.1]
    Renderer: NVIDIA GeForce GTX 1650 (ID=0x1f91)
    Vendor:   
    VRAM:     3962 MB
    Driver:   27.21.14.6275
Initialize mono
Mono path[0] = 'C:/Program Files/Unity/Hub/Editor/2020.3.5f1/Editor/Data/Managed'
Mono path[1] = 'C:/Program Files/Unity/Hub/Editor/2020.3.5f1/Editor/Data/MonoBleedingEdge/lib/mono/unityjit'
Mono config path = 'C:/Program Files/Unity/Hub/Editor/2020.3.5f1/Editor/Data/MonoBleedingEdge/etc'
Using monoOptions --debugger-agent=transport=dt_socket,embedding=1,server=y,suspend=n,address=127.0.0.1:56020
Begin MonoManager ReloadAssembly
Registering precompiled unity dll's ...
Register platform support module: C:/Program Files/Unity/Hub/Editor/2020.3.5f1/Editor/Data/PlaybackEngines/WindowsStandaloneSupport/UnityEditor.WindowsStandalone.Extensions.dll
Registered in 0.002331 seconds.
Native extension for WindowsStandalone target not found
Refreshing native plugins compatible for Editor in 25.91 ms, found 0 plugins.
Preloading 0 native plugins for Editor in 0.00 ms.
Mono: successfully reloaded assembly
- Completed reload, in  2.080 seconds
Platform modules already initialized, skipping
Registering precompiled user dll's ...
Registered in 0.000732 seconds.
Begin MonoManager ReloadAssembly
Native extension for WindowsStandalone target not found
Refreshing native plugins compatible for Editor in 0.22 ms, found 0 plugins.
Preloading 0 native plugins for Editor in 0.00 ms.
Mono: successfully reloaded assembly
- Completed reload, in  0.847 seconds
Platform modules already initialized, skipping
========================================================================
Worker process is ready to serve import requests
Launched and connected shader compiler UnityShaderCompiler.exe after 0.05 seconds
Refreshing native plugins compatible for Editor in 0.19 ms, found 0 plugins.
Preloading 0 native plugins for Editor in 0.00 ms.
Unloading 1119 Unused Serialized files (Serialized files now loaded: 0)
System memory in use before: 57.2 MB.
System memory in use after: 57.3 MB.

Unloading 10 unused Assets to reduce memory usage. Loaded Objects now: 1562.
Total: 1.750600 ms (FindLiveObjects: 0.161200 ms CreateObjectMapping: 0.040800 ms MarkObjects: 1.465500 ms  DeleteObjects: 0.082200 ms)

========================================================================
Received Import Request.
  path: Assets/JsonEncryptDecrypt/Assets/Source/Utils/Stop.fbx
  artifactKey: Guid(319155a09cc42674484c151fd1bbbaf8) Importer(815301076,1909f56bfc062723c751e8b465ee728b)
Start importing Assets/JsonEncryptDecrypt/Assets/Source/Utils/Stop.fbx using Guid(319155a09cc42674484c151fd1bbbaf8) Importer(815301076,1909f56bfc062723c751e8b465ee728b)  -> (artifact id: '8edf9e42a6f8cedab68c4ad31a702c8d') in 0.060325 seconds
  Import took 0.063886 seconds .

========================================================================
Received Import Request.
  Time since last request: 0.002089 seconds.
  path: Assets/JsonEncryptDecrypt/Assets/Source/Utils/Stop.fbx
  artifactKey: Guid(319155a09cc42674484c151fd1bbbaf8) Importer(815301076,1909f56bfc062723c751e8b465ee728b)
Start importing Assets/JsonEncryptDecrypt/Assets/Source/Utils/Stop.fbx using Guid(319155a09cc42674484c151fd1bbbaf8) Importer(815301076,1909f56bfc062723c751e8b465ee728b)  -> (artifact id: '8edf9e42a6f8cedab68c4ad31a702c8d') in 0.004772 seconds
  Import took 0.008166 seconds .

AssetImportWorkerClient::OnTransportError - code=2 error=End of file
